<?xml version="1.0" encoding="UTF-8"?>
<!-- Generated by org.testng.reporters.JUnitXMLReporter -->
<testsuite hostname="SM-2016" ignored="0" name="Test" tests="15" failures="0" timestamp="14 Sep 2019 15:05:48 GMT" time="134.319" errors="0">
  <testcase name="userLogin" time="14.898" classname="apptivo.Login"/>
  <testcase name="CalendarApploading" time="11.612" classname="apptivo.Login"/>
  <testcase name="AppbuilderApploading" time="9.743" classname="apptivo.Login"/>
  <testcase name="CampaignsApploading" time="11.255" classname="apptivo.Login"/>
  <testcase name="CandidatesApploading" time="6.197" classname="apptivo.Login"/>
  <testcase name="CasesApploading" time="7.22" classname="apptivo.Login"/>
  <testcase name="CashmanagementApploading" time="7.588" classname="apptivo.Login"/>
  <testcase name="CompetitorstApploading" time="7.667" classname="apptivo.Login"/>
  <testcase name="ContactsApploading" time="7.459" classname="apptivo.Login"/>
  <testcase name="ContractsApploading" time="8.079" classname="apptivo.Login"/>
  <testcase name="CreditnotesApploading" time="8.744" classname="apptivo.Login"/>
  <testcase name="CrninsightsApploading" time="7.937" classname="apptivo.Login"/>
  <testcase name="CrnApploading" time="7.896" classname="apptivo.Login"/>
  <testcase name="CustomerpaymentsApploading" time="8.925" classname="apptivo.Login"/>
  <testcase name="CustomerApploading" time="9.051" classname="apptivo.Login"/>
</testsuite> <!-- Test -->
