<?xml version="1.0" encoding="UTF-8"?>
<!-- Generated by org.testng.reporters.JUnitXMLReporter -->
<testsuite hostname="SM-2016" ignored="0" name="Default test" tests="16" failures="0" timestamp="14 Sep 2019 14:04:23 GMT" time="139.709" errors="0">
  <testcase name="userLogin" time="11.732" classname="apptivo.Login"/>
  <testcase name="CalendarApploading" time="9.105" classname="apptivo.Login"/>
  <testcase name="AnswersApploading" time="8.887" classname="apptivo.Login"/>
  <testcase name="AppbuilderApploading" time="8.564" classname="apptivo.Login"/>
  <testcase name="CampaignsApploading" time="10.87" classname="apptivo.Login"/>
  <testcase name="CandidatesApploading" time="6.131" classname="apptivo.Login"/>
  <testcase name="CasesApploading" time="6.812" classname="apptivo.Login"/>
  <testcase name="CashmanagementApploading" time="7.892" classname="apptivo.Login"/>
  <testcase name="CompetitorstApploading" time="7.832" classname="apptivo.Login"/>
  <testcase name="ContactsApploading" time="6.907" classname="apptivo.Login"/>
  <testcase name="ContractsApploading" time="8.7" classname="apptivo.Login"/>
  <testcase name="CreditnotesApploading" time="12.661" classname="apptivo.Login"/>
  <testcase name="CrninsightsApploading" time="7.824" classname="apptivo.Login"/>
  <testcase name="CrnApploading" time="7.662" classname="apptivo.Login"/>
  <testcase name="CustomerpaymentsApploading" time="9.028" classname="apptivo.Login"/>
  <testcase name="CustomerApploading" time="9.047" classname="apptivo.Login"/>
</testsuite> <!-- Default test -->
